<?xml version="1.0" encoding="UTF-8"?>
<testng-results ignored="0" total="5" passed="5" failed="0" skipped="0">
  <reporter-output>
  </reporter-output>
  <suite started-at="2025-02-19T15:02:00 IST" name="Suite" finished-at="2025-02-19T15:02:21 IST" duration-ms="20531">
    <groups>
    </groups>
    <test started-at="2025-02-19T15:02:00 IST" name="Test" finished-at="2025-02-19T15:02:21 IST" duration-ms="20531">
      <class name="com.automation.registerdemoflow.RegisterDemoFlow">
        <test-method signature="launchApplication()[pri:1, instance:com.automation.registerdemoflow.RegisterDemoFlow@4b5d6a01]" started-at="2025-02-19T15:02:00 IST" name="launchApplication" finished-at="2025-02-19T15:02:11 IST" duration-ms="11057" status="PASS">
          <reporter-output>
          </reporter-output>
        </test-method> <!-- launchApplication -->
        <test-method signature="navigationToRegisterPage()[pri:2, instance:com.automation.registerdemoflow.RegisterDemoFlow@4b5d6a01]" started-at="2025-02-19T15:02:11 IST" name="navigationToRegisterPage" finished-at="2025-02-19T15:02:13 IST" duration-ms="1359" status="PASS">
          <reporter-output>
          </reporter-output>
        </test-method> <!-- navigationToRegisterPage -->
        <test-method signature="registerUser()[pri:3, instance:com.automation.registerdemoflow.RegisterDemoFlow@4b5d6a01]" started-at="2025-02-19T15:02:13 IST" name="registerUser" finished-at="2025-02-19T15:02:20 IST" duration-ms="7560" status="PASS">
          <reporter-output>
          </reporter-output>
        </test-method> <!-- registerUser -->
        <test-method signature="verifySuccessfulMessage()[pri:4, instance:com.automation.registerdemoflow.RegisterDemoFlow@4b5d6a01]" started-at="2025-02-19T15:02:20 IST" name="verifySuccessfulMessage" finished-at="2025-02-19T15:02:20 IST" duration-ms="139" status="PASS">
          <reporter-output>
          </reporter-output>
        </test-method> <!-- verifySuccessfulMessage -->
        <test-method signature="closeApplicaton()[pri:5, instance:com.automation.registerdemoflow.RegisterDemoFlow@4b5d6a01]" started-at="2025-02-19T15:02:20 IST" name="closeApplicaton" finished-at="2025-02-19T15:02:21 IST" duration-ms="342" status="PASS">
          <reporter-output>
          </reporter-output>
        </test-method> <!-- closeApplicaton -->
      </class> <!-- com.automation.registerdemoflow.RegisterDemoFlow -->
    </test> <!-- Test -->
  </suite> <!-- Suite -->
</testng-results>
